b:\Python312\Lib\site-packages\pytest_asyncio\plugin.py:208: PytestDeprecationWarning: The configuration option "asyncio_default_fixture_loop_scope" is unset.
The event loop scope for asynchronous fixtures will default to the fixture caching scope. Future versions of pytest-asyncio will default the loop scope for asynchronous fixtures to function scope. Set the default fixture loop scope explicitly in order to avoid unexpected behavior in the future. Valid fixture loop scopes are: "function", "class", "module", "package", "session"

  warnings.warn(PytestDeprecationWarning(_DEFAULT_FIXTURE_LOOP_SCOPE_UNSET))
Windows fatal exception: code 0xc0000139

Current thread 0x0000ea38 (most recent call first):
  File "B:\Python312\Lib\ctypes\__init__.py", line 379 in __init__
  File "B:\Python312\Lib\site-packages\torch\_ops.py", line 1392 in load_library
  File "B:\Python312\Lib\site-packages\torchvision\extension.py", line 34 in <module>
  File "<frozen importlib._bootstrap>", line 488 in _call_with_frames_removed
  File "<frozen importlib._bootstrap_external>", line 999 in exec_module
  File "<frozen importlib._bootstrap>", line 935 in _load_unlocked
  File "<frozen importlib._bootstrap>", line 1331 in _find_and_load_unlocked
  File "<frozen importlib._bootstrap>", line 1360 in _find_and_load
  File "B:\Python312\Lib\site-packages\torchvision\__init__.py", line 9 in <module>
  File "<frozen importlib._bootstrap>", line 488 in _call_with_frames_removed
  File "<frozen importlib._bootstrap_external>", line 999 in exec_module
  File "<frozen importlib._bootstrap>", line 935 in _load_unlocked
  File "<frozen importlib._bootstrap>", line 1331 in _find_and_load_unlocked
  File "<frozen importlib._bootstrap>", line 1360 in _find_and_load
  File "<frozen importlib._bootstrap>", line 488 in _call_with_frames_removed
  File "<frozen importlib._bootstrap>", line 1310 in _find_and_load_unlocked
  File "<frozen importlib._bootstrap>", line 1360 in _find_and_load
  File "B:\Python312\Lib\site-packages\easyocr\recognition.py", line 6 in <module>
  File "<frozen importlib._bootstrap>", line 488 in _call_with_frames_removed
  File "<frozen importlib._bootstrap_external>", line 999 in exec_module
  File "<frozen importlib._bootstrap>", line 935 in _load_unlocked
  File "<frozen importlib._bootstrap>", line 1331 in _find_and_load_unlocked
  File "<frozen importlib._bootstrap>", line 1360 in _find_and_load
  File "B:\Python312\Lib\site-packages\easyocr\easyocr.py", line 3 in <module>
  File "<frozen importlib._bootstrap>", line 488 in _call_with_frames_removed
  File "<frozen importlib._bootstrap_external>", line 999 in exec_module
  File "<frozen importlib._bootstrap>", line 935 in _load_unlocked
  File "<frozen importlib._bootstrap>", line 1331 in _find_and_load_unlocked
  File "<frozen importlib._bootstrap>", line 1360 in _find_and_load
  File "B:\Python312\Lib\site-packages\easyocr\__init__.py", line 1 in <module>
  File "<frozen importlib._bootstrap>", line 488 in _call_with_frames_removed
  File "<frozen importlib._bootstrap_external>", line 999 in exec_module
  File "<frozen importlib._bootstrap>", line 935 in _load_unlocked
  File "<frozen importlib._bootstrap>", line 1331 in _find_and_load_unlocked
  File "<frozen importlib._bootstrap>", line 1360 in _find_and_load
  File "C:\Users\chira\Documents\visualstudiocode\Work\Local_PDFtoDocx-OCR-V0.1\src\ocr_engine.py", line 35 in <module>
  File "<frozen importlib._bootstrap>", line 488 in _call_with_frames_removed
  File "<frozen importlib._bootstrap_external>", line 999 in exec_module
  File "<frozen importlib._bootstrap>", line 935 in _load_unlocked
  File "<frozen importlib._bootstrap>", line 1331 in _find_and_load_unlocked
  File "<frozen importlib._bootstrap>", line 1360 in _find_and_load
  File "C:\Users\chira\Documents\visualstudiocode\Work\Local_PDFtoDocx-OCR-V0.1\src\pipeline.py", line 20 in <module>
  File "<frozen importlib._bootstrap>", line 488 in _call_with_frames_removed
  File "<frozen importlib._bootstrap_external>", line 999 in exec_module
  File "<frozen importlib._bootstrap>", line 935 in _load_unlocked
  File "<frozen importlib._bootstrap>", line 1331 in _find_and_load_unlocked
  File "<frozen importlib._bootstrap>", line 1360 in _find_and_load
  File "C:\Users\chira\Documents\visualstudiocode\Work\Local_PDFtoDocx-OCR-V0.1\tests\test_pipeline.py", line 20 in pipeline
  File "B:\Python312\Lib\site-packages\_pytest\fixtures.py", line 898 in call_fixture_func
  File "B:\Python312\Lib\site-packages\_pytest\fixtures.py", line 1140 in pytest_fixture_setup
  File "B:\Python312\Lib\site-packages\pluggy\_callers.py", line 121 in _multicall
  File "B:\Python312\Lib\site-packages\pluggy\_manager.py", line 120 in _hookexec
  File "B:\Python312\Lib\site-packages\pluggy\_hooks.py", line 512 in __call__
  File "B:\Python312\Lib\site-packages\_pytest\fixtures.py", line 1091 in execute
  File "B:\Python312\Lib\site-packages\_pytest\fixtures.py", line 617 in _get_active_fixturedef
  File "B:\Python312\Lib\site-packages\_pytest\fixtures.py", line 1047 in execute
  File "B:\Python312\Lib\site-packages\_pytest\fixtures.py", line 617 in _get_active_fixturedef
  File "B:\Python312\Lib\site-packages\_pytest\fixtures.py", line 532 in getfixturevalue
  File "B:\Python312\Lib\site-packages\_pytest\fixtures.py", line 697 in _fillfixtures
  File "B:\Python312\Lib\site-packages\_pytest\python.py", line 1630 in setup
  File "B:\Python312\Lib\site-packages\_pytest\runner.py", line 514 in setup
  File "B:\Python312\Lib\site-packages\_pytest\runner.py", line 160 in pytest_runtest_setup
  File "B:\Python312\Lib\site-packages\pluggy\_callers.py", line 121 in _multicall
  File "B:\Python312\Lib\site-packages\pluggy\_manager.py", line 120 in _hookexec
  File "B:\Python312\Lib\site-packages\pluggy\_hooks.py", line 512 in __call__
  File "B:\Python312\Lib\site-packages\_pytest\runner.py", line 242 in <lambda>
  File "B:\Python312\Lib\site-packages\_pytest\runner.py", line 341 in from_call
  File "B:\Python312\Lib\site-packages\_pytest\runner.py", line 241 in call_and_report
  File "B:\Python312\Lib\site-packages\_pytest\runner.py", line 126 in runtestprotocol
  File "B:\Python312\Lib\site-packages\_pytest\runner.py", line 113 in pytest_runtest_protocol
  File "B:\Python312\Lib\site-packages\pluggy\_callers.py", line 121 in _multicall
  File "B:\Python312\Lib\site-packages\pluggy\_manager.py", line 120 in _hookexec
  File "B:\Python312\Lib\site-packages\pluggy\_hooks.py", line 512 in __call__
  File "B:\Python312\Lib\site-packages\_pytest\main.py", line 362 in pytest_runtestloop
  File "B:\Python312\Lib\site-packages\pluggy\_callers.py", line 121 in _multicall
  File "B:\Python312\Lib\site-packages\pluggy\_manager.py", line 120 in _hookexec
  File "B:\Python312\Lib\site-packages\pluggy\_hooks.py", line 512 in __call__
  File "B:\Python312\Lib\site-packages\_pytest\main.py", line 337 in _main
  File "B:\Python312\Lib\site-packages\_pytest\main.py", line 283 in wrap_session
  File "B:\Python312\Lib\site-packages\_pytest\main.py", line 330 in pytest_cmdline_main
  File "B:\Python312\Lib\site-packages\pluggy\_callers.py", line 121 in _multicall
  File "B:\Python312\Lib\site-packages\pluggy\_manager.py", line 120 in _hookexec
  File "B:\Python312\Lib\site-packages\pluggy\_hooks.py", line 512 in __call__
  File "B:\Python312\Lib\site-packages\_pytest\config\__init__.py", line 175 in main
  File "B:\Python312\Lib\site-packages\_pytest\config\__init__.py", line 201 in console_main
  File "B:\Python312\Lib\site-packages\pytest\__main__.py", line 9 in <module>
  File "<frozen runpy>", line 88 in _run_code
  File "<frozen runpy>", line 198 in _run_module_as_main
.............................................................            [100%]
============================== warnings summary ===============================
tests/test_pipeline.py::TestOCRPipeline::test_process_pdf_success
tests/test_pipeline.py::TestOCRPipeline::test_process_pdf_success
  <frozen importlib._bootstrap>:488: DeprecationWarning: builtin type SwigPyPacked has no __module__ attribute

tests/test_pipeline.py::TestOCRPipeline::test_process_pdf_success
tests/test_pipeline.py::TestOCRPipeline::test_process_pdf_success
  <frozen importlib._bootstrap>:488: DeprecationWarning: builtin type SwigPyObject has no __module__ attribute

tests/test_pipeline.py::TestOCRPipeline::test_process_pdf_success
  <frozen importlib._bootstrap>:488: DeprecationWarning: builtin type swigvarlink has no __module__ attribute

tests/test_ui.py::TestGradioInterfaceConstruction::test_create_interface_no_error
  B:\Python312\Lib\site-packages\gradio\routes.py:63: PendingDeprecationWarning: Please use `import python_multipart` instead.
    from multipart.multipart import parse_options_header

tests/test_ui.py::TestGradioInterfaceConstruction::test_create_interface_no_error
  B:\Python312\Lib\site-packages\gradio\utils.py:98: DeprecationWarning: There is no current event loop
    asyncio.get_event_loop()

tests/test_ui.py::TestGradioInterfaceConstruction::test_create_interface_no_error
tests/test_ui.py::TestGradioInterfaceConstruction::test_create_interface_no_error
tests/test_ui.py::TestGradioInterfaceConstruction::test_interface_has_convert_tab
tests/test_ui.py::TestGradioInterfaceConstruction::test_interface_has_convert_tab
tests/test_ui.py::TestGradioInterfaceConstruction::test_interface_has_history_tab
tests/test_ui.py::TestGradioInterfaceConstruction::test_interface_has_history_tab
  B:\Python312\Lib\site-packages\gradio\routes.py:1215: DeprecationWarning: 
          on_event is deprecated, use lifespan event handlers instead.
  
          Read more about it in the
          [FastAPI docs for Lifespan Events](https://fastapi.tiangolo.com/advanced/events/).
          
    @app.on_event("startup")

tests/test_ui.py::TestGradioInterfaceConstruction::test_create_interface_no_error
tests/test_ui.py::TestGradioInterfaceConstruction::test_create_interface_no_error
tests/test_ui.py::TestGradioInterfaceConstruction::test_interface_has_convert_tab
tests/test_ui.py::TestGradioInterfaceConstruction::test_interface_has_convert_tab
tests/test_ui.py::TestGradioInterfaceConstruction::test_interface_has_history_tab
tests/test_ui.py::TestGradioInterfaceConstruction::test_interface_has_history_tab
  B:\Python312\Lib\site-packages\fastapi\applications.py:4576: DeprecationWarning: 
          on_event is deprecated, use lifespan event handlers instead.
  
          Read more about it in the
          [FastAPI docs for Lifespan Events](https://fastapi.tiangolo.com/advanced/events/).
          
    return self.router.on_event(event_type)

-- Docs: https://docs.pytest.org/en/stable/how-to/capture-warnings.html
61 passed, 19 deselected, 19 warnings in 312.08s (0:05:12)
--- Logging error ---
Traceback (most recent call last):
  File "B:\Python312\Lib\logging\__init__.py", line 1163, in emit
    stream.write(msg + self.terminator)
ValueError: I/O operation on closed file.
Call stack:
  File "B:\Python312\Lib\threading.py", line 1032, in _bootstrap
    self._bootstrap_inner()
  File "B:\Python312\Lib\threading.py", line 1075, in _bootstrap_inner
    self.run()
  File "B:\Python312\Lib\threading.py", line 1012, in run
    self._target(*self._args, **self._kwargs)
  File "B:\Python312\Lib\site-packages\gradio\analytics.py", line 70, in _do_normal_analytics_request
    data["ip_address"] = get_local_ip_address()
  File "B:\Python312\Lib\site-packages\gradio\analytics.py", line 131, in get_local_ip_address
    ip_address = httpx.get(
  File "B:\Python312\Lib\site-packages\httpx\_api.py", line 195, in get
    return request(
  File "B:\Python312\Lib\site-packages\httpx\_api.py", line 109, in request
    return client.request(
  File "B:\Python312\Lib\site-packages\httpx\_client.py", line 825, in request
    return self.send(request, auth=auth, follow_redirects=follow_redirects)
  File "B:\Python312\Lib\site-packages\httpx\_client.py", line 914, in send
    response = self._send_handling_auth(
  File "B:\Python312\Lib\site-packages\httpx\_client.py", line 942, in _send_handling_auth
    response = self._send_handling_redirects(
  File "B:\Python312\Lib\site-packages\httpx\_client.py", line 979, in _send_handling_redirects
    response = self._send_single_request(request)
  File "B:\Python312\Lib\site-packages\httpx\_client.py", line 1025, in _send_single_request
    logger.info(
Message: 'HTTP Request: %s %s "%s %d %s"'
Arguments: ('GET', URL('https://checkip.amazonaws.com/'), 'HTTP/1.1', 200, '')
--- Logging error ---
Traceback (most recent call last):
  File "B:\Python312\Lib\logging\__init__.py", line 1163, in emit
    stream.write(msg + self.terminator)
ValueError: I/O operation on closed file.
Call stack:
  File "B:\Python312\Lib\threading.py", line 1032, in _bootstrap
    self._bootstrap_inner()
  File "B:\Python312\Lib\threading.py", line 1075, in _bootstrap_inner
    self.run()
  File "B:\Python312\Lib\threading.py", line 1012, in run
    self._target(*self._args, **self._kwargs)
  File "B:\Python312\Lib\site-packages\gradio\analytics.py", line 70, in _do_normal_analytics_request
    data["ip_address"] = get_local_ip_address()
  File "B:\Python312\Lib\site-packages\gradio\analytics.py", line 131, in get_local_ip_address
    ip_address = httpx.get(
  File "B:\Python312\Lib\site-packages\httpx\_api.py", line 195, in get
    return request(
  File "B:\Python312\Lib\site-packages\httpx\_api.py", line 109, in request
    return client.request(
  File "B:\Python312\Lib\site-packages\httpx\_client.py", line 825, in request
    return self.send(request, auth=auth, follow_redirects=follow_redirects)
  File "B:\Python312\Lib\site-packages\httpx\_client.py", line 914, in send
    response = self._send_handling_auth(
  File "B:\Python312\Lib\site-packages\httpx\_client.py", line 942, in _send_handling_auth
    response = self._send_handling_redirects(
  File "B:\Python312\Lib\site-packages\httpx\_client.py", line 979, in _send_handling_redirects
    response = self._send_single_request(request)
  File "B:\Python312\Lib\site-packages\httpx\_client.py", line 1025, in _send_single_request
    logger.info(
Message: 'HTTP Request: %s %s "%s %d %s"'
Arguments: ('GET', URL('https://checkip.amazonaws.com/'), 'HTTP/1.1', 200, '')
--- Logging error ---
Traceback (most recent call last):
  File "B:\Python312\Lib\logging\__init__.py", line 1163, in emit
    stream.write(msg + self.terminator)
ValueError: I/O operation on closed file.
Call stack:
  File "B:\Python312\Lib\threading.py", line 1032, in _bootstrap
    self._bootstrap_inner()
  File "B:\Python312\Lib\threading.py", line 1075, in _bootstrap_inner
    self.run()
  File "B:\Python312\Lib\threading.py", line 1012, in run
    self._target(*self._args, **self._kwargs)
  File "B:\Python312\Lib\site-packages\gradio\analytics.py", line 104, in version_check
    latest_pkg_version = httpx.get(url=PKG_VERSION_URL, timeout=3).json()["version"]
  File "B:\Python312\Lib\site-packages\httpx\_api.py", line 195, in get
    return request(
  File "B:\Python312\Lib\site-packages\httpx\_api.py", line 109, in request
    return client.request(
  File "B:\Python312\Lib\site-packages\httpx\_client.py", line 825, in request
    return self.send(request, auth=auth, follow_redirects=follow_redirects)
  File "B:\Python312\Lib\site-packages\httpx\_client.py", line 914, in send
    response = self._send_handling_auth(
  File "B:\Python312\Lib\site-packages\httpx\_client.py", line 942, in _send_handling_auth
    response = self._send_handling_redirects(
  File "B:\Python312\Lib\site-packages\httpx\_client.py", line 979, in _send_handling_redirects
    response = self._send_single_request(request)
  File "B:\Python312\Lib\site-packages\httpx\_client.py", line 1025, in _send_single_request
    logger.info(
Message: 'HTTP Request: %s %s "%s %d %s"'
Arguments: ('GET', URL('https://api.gradio.app/pkg-version'), 'HTTP/1.1', 200, 'OK')
--- Logging error ---
Traceback (most recent call last):
  File "B:\Python312\Lib\logging\__init__.py", line 1163, in emit
    stream.write(msg + self.terminator)
ValueError: I/O operation on closed file.
Call stack:
  File "B:\Python312\Lib\threading.py", line 1032, in _bootstrap
    self._bootstrap_inner()
  File "B:\Python312\Lib\threading.py", line 1075, in _bootstrap_inner
    self.run()
  File "B:\Python312\Lib\threading.py", line 1012, in run
    self._target(*self._args, **self._kwargs)
  File "B:\Python312\Lib\site-packages\gradio\analytics.py", line 104, in version_check
    latest_pkg_version = httpx.get(url=PKG_VERSION_URL, timeout=3).json()["version"]
  File "B:\Python312\Lib\site-packages\httpx\_api.py", line 195, in get
    return request(
  File "B:\Python312\Lib\site-packages\httpx\_api.py", line 109, in request
    return client.request(
  File "B:\Python312\Lib\site-packages\httpx\_client.py", line 825, in request
    return self.send(request, auth=auth, follow_redirects=follow_redirects)
  File "B:\Python312\Lib\site-packages\httpx\_client.py", line 914, in send
    response = self._send_handling_auth(
  File "B:\Python312\Lib\site-packages\httpx\_client.py", line 942, in _send_handling_auth
    response = self._send_handling_redirects(
  File "B:\Python312\Lib\site-packages\httpx\_client.py", line 979, in _send_handling_redirects
    response = self._send_single_request(request)
  File "B:\Python312\Lib\site-packages\httpx\_client.py", line 1025, in _send_single_request
    logger.info(
Message: 'HTTP Request: %s %s "%s %d %s"'
Arguments: ('GET', URL('https://api.gradio.app/pkg-version'), 'HTTP/1.1', 200, 'OK')
--- Logging error ---
Traceback (most recent call last):
  File "B:\Python312\Lib\logging\__init__.py", line 1163, in emit
    stream.write(msg + self.terminator)
ValueError: I/O operation on closed file.
Call stack:
  File "B:\Python312\Lib\threading.py", line 1032, in _bootstrap
    self._bootstrap_inner()
  File "B:\Python312\Lib\threading.py", line 1075, in _bootstrap_inner
    self.run()
  File "B:\Python312\Lib\threading.py", line 1012, in run
    self._target(*self._args, **self._kwargs)
  File "B:\Python312\Lib\site-packages\gradio\analytics.py", line 104, in version_check
    latest_pkg_version = httpx.get(url=PKG_VERSION_URL, timeout=3).json()["version"]
  File "B:\Python312\Lib\site-packages\httpx\_api.py", line 195, in get
    return request(
  File "B:\Python312\Lib\site-packages\httpx\_api.py", line 109, in request
    return client.request(
  File "B:\Python312\Lib\site-packages\httpx\_client.py", line 825, in request
    return self.send(request, auth=auth, follow_redirects=follow_redirects)
  File "B:\Python312\Lib\site-packages\httpx\_client.py", line 914, in send
    response = self._send_handling_auth(
  File "B:\Python312\Lib\site-packages\httpx\_client.py", line 942, in _send_handling_auth
    response = self._send_handling_redirects(
  File "B:\Python312\Lib\site-packages\httpx\_client.py", line 979, in _send_handling_redirects
    response = self._send_single_request(request)
  File "B:\Python312\Lib\site-packages\httpx\_client.py", line 1025, in _send_single_request
    logger.info(
Message: 'HTTP Request: %s %s "%s %d %s"'
Arguments: ('GET', URL('https://api.gradio.app/pkg-version'), 'HTTP/1.1', 200, 'OK')
sys:1: DeprecationWarning: builtin type swigvarlink has no __module__ attribute
